Start testing: Mar 01 18:05 IST
----------------------------------------------------------
1/1 Testing: CalculatorTest
1/1 Test: CalculatorTest
Command: "/home/bhautik/IIITB/Sem 2/SPE/Mini_Project/ScientificCalculator/build/test_calculator"
Directory: /home/bhautik/IIITB/Sem 2/SPE/Mini_Project/ScientificCalculator/build
"CalculatorTest" start time: Mar 01 18:05 IST
Output:
----------------------------------------------------------
Running main() from ./googletest/src/gtest_main.cc
[==========] Running 4 tests from 1 test suite.
[----------] Global test environment set-up.
[----------] 4 tests from CalculatorTest
[ RUN      ] CalculatorTest.SquareRootTest
[       OK ] CalculatorTest.SquareRootTest (0 ms)
[ RUN      ] CalculatorTest.FactorialTest
[       OK ] CalculatorTest.FactorialTest (0 ms)
[ RUN      ] CalculatorTest.NaturalLogTest
[       OK ] CalculatorTest.NaturalLogTest (0 ms)
[ RUN      ] CalculatorTest.PowerTest
[       OK ] CalculatorTest.PowerTest (0 ms)
[----------] 4 tests from CalculatorTest (0 ms total)

[----------] Global test environment tear-down
[==========] 4 tests from 1 test suite ran. (0 ms total)
[  PASSED  ] 4 tests.
<end of output>
Test time =   0.00 sec
----------------------------------------------------------
Test Passed.
"CalculatorTest" end time: Mar 01 18:05 IST
"CalculatorTest" time elapsed: 00:00:00
----------------------------------------------------------

End testing: Mar 01 18:05 IST
